<?xml version="1.0" encoding="UTF-8"?>
<!-- Generated by org.testng.reporters.JUnitReportReporter -->
<testsuite hostname="DESKTOP-NC3MPMJ" failures="0" tests="1" name="com.mycompany.tests.CallTests" time="80.385" errors="0" timestamp="2022-11-03T22:27:20 TRT" skipped="0">
  <testcase classname="com.mycompany.tests.CallTests" name="hepsiburadaTest01" time="80.385"/>
  <system-out/>
</testsuite> <!-- com.mycompany.tests.CallTests -->
